2014/12/11 07:05:21 [error] [exception.CHttpException.404] exception 'CHttpException' with message '系统无法找到请求的 "view" 动作.' in D:\xampp\htdocs\mianmo\yii\web\CController.php:483
Stack trace:
#0 D:\xampp\htdocs\mianmo\yii\web\CController.php(270): CController->missingAction('view')
#1 D:\xampp\htdocs\mianmo\yii\web\CWebApplication.php(282): CController->run('view')
#2 D:\xampp\htdocs\mianmo\yii\web\CWebApplication.php(141): CWebApplication->runController('home/view')
#3 D:\xampp\htdocs\mianmo\yii\base\CApplication.php(180): CWebApplication->processRequest()
#4 D:\xampp\htdocs\mianmo\project\index.php(13): CApplication->run()
#5 {main}
REQUEST_URI=/htdocs/mianmo/project/index.php/home/1
HTTP_REFERER=http://localhost:8088/htdocs/mianmo/project/index.php/home/buy
---
2014/12/15 08:04:50 [error] [exception.CDbException] exception 'CDbException' with message 'CDbConnection failed to open the DB connection: SQLSTATE[HY000] [1045] Access denied for user 'windplay'@'localhost' (using password: YES)' in D:\xampp\htdocs\mianmo\yii\db\CDbConnection.php:382
Stack trace:
#0 D:\xampp\htdocs\mianmo\yii\db\CDbConnection.php(330): CDbConnection->open()
#1 D:\xampp\htdocs\mianmo\yii\db\CDbConnection.php(308): CDbConnection->setActive(true)
#2 D:\xampp\htdocs\mianmo\yii\base\CModule.php(387): CDbConnection->init()
#3 D:\xampp\htdocs\mianmo\yii\base\CApplication.php(450): CModule->getComponent('db')
#4 D:\xampp\htdocs\mianmo\yii\db\ar\CActiveRecord.php(634): CApplication->getDb()
#5 D:\xampp\htdocs\mianmo\yii\db\ar\CActiveRecord.php(667): CActiveRecord->getDbConnection()
#6 D:\xampp\htdocs\mianmo\yii\db\ar\CActiveRecord.php(1469): CActiveRecord->getCommandBuilder()
#7 D:\xampp\htdocs\mianmo\project\protected\controllers\HomeController.php(20): CActiveRecord->findAll('status=0 order ...')
#8 D:\xampp\htdocs\mianmo\yii\web\actions\CInlineAction.php(49): HomeController->actionIndex()
#9 D:\xampp\htdocs\mianmo\yii\web\CController.php(308): CInlineAction->runWithParams(Array)
#10 D:\xampp\htdocs\mianmo\yii\web\CController.php(286): CController->runAction(Object(CInlineAction))
#11 D:\xampp\htdocs\mianmo\yii\web\CController.php(265): CController->runActionWithFilters(Object(CInlineAction), Array)
#12 D:\xampp\htdocs\mianmo\yii\web\CWebApplication.php(282): CController->run('index')
#13 D:\xampp\htdocs\mianmo\yii\web\CWebApplication.php(141): CWebApplication->runController('home/index')
#14 D:\xampp\htdocs\mianmo\yii\base\CApplication.php(180): CWebApplication->processRequest()
#15 D:\xampp\htdocs\mianmo\project\index.php(13): CApplication->run()
#16 {main}
REQUEST_URI=/htdocs/mianmo/project/index.php/home/index
HTTP_REFERER=http://localhost:8088/htdocs/mianmo/project/index.php/home/success
---
2014/12/15 08:05:08 [error] [exception.CDbException] exception 'CDbException' with message 'CDbConnection failed to open the DB connection: SQLSTATE[HY000] [1045] Access denied for user 'windplay'@'localhost' (using password: YES)' in D:\xampp\htdocs\mianmo\yii\db\CDbConnection.php:382
Stack trace:
#0 D:\xampp\htdocs\mianmo\yii\db\CDbConnection.php(330): CDbConnection->open()
#1 D:\xampp\htdocs\mianmo\yii\db\CDbConnection.php(308): CDbConnection->setActive(true)
#2 D:\xampp\htdocs\mianmo\yii\base\CModule.php(387): CDbConnection->init()
#3 D:\xampp\htdocs\mianmo\yii\base\CApplication.php(450): CModule->getComponent('db')
#4 D:\xampp\htdocs\mianmo\yii\db\ar\CActiveRecord.php(634): CApplication->getDb()
#5 D:\xampp\htdocs\mianmo\yii\db\ar\CActiveRecord.php(667): CActiveRecord->getDbConnection()
#6 D:\xampp\htdocs\mianmo\yii\db\ar\CActiveRecord.php(1469): CActiveRecord->getCommandBuilder()
#7 D:\xampp\htdocs\mianmo\project\protected\controllers\HomeController.php(20): CActiveRecord->findAll('status=0 order ...')
#8 D:\xampp\htdocs\mianmo\yii\web\actions\CInlineAction.php(49): HomeController->actionIndex()
#9 D:\xampp\htdocs\mianmo\yii\web\CController.php(308): CInlineAction->runWithParams(Array)
#10 D:\xampp\htdocs\mianmo\yii\web\CController.php(286): CController->runAction(Object(CInlineAction))
#11 D:\xampp\htdocs\mianmo\yii\web\CController.php(265): CController->runActionWithFilters(Object(CInlineAction), Array)
#12 D:\xampp\htdocs\mianmo\yii\web\CWebApplication.php(282): CController->run('')
#13 D:\xampp\htdocs\mianmo\yii\web\CWebApplication.php(141): CWebApplication->runController('home')
#14 D:\xampp\htdocs\mianmo\yii\base\CApplication.php(180): CWebApplication->processRequest()
#15 D:\xampp\htdocs\mianmo\project\index.php(13): CApplication->run()
#16 {main}
REQUEST_URI=/htdocs/mianmo/project/index.php/home
---
2014/12/15 08:05:21 [error] [exception.CDbException] exception 'CDbException' with message 'CDbConnection failed to open the DB connection: SQLSTATE[HY000] [1045] Access denied for user 'windplay'@'localhost' (using password: YES)' in D:\xampp\htdocs\mianmo\yii\db\CDbConnection.php:382
Stack trace:
#0 D:\xampp\htdocs\mianmo\yii\db\CDbConnection.php(330): CDbConnection->open()
#1 D:\xampp\htdocs\mianmo\yii\db\CDbConnection.php(308): CDbConnection->setActive(true)
#2 D:\xampp\htdocs\mianmo\yii\base\CModule.php(387): CDbConnection->init()
#3 D:\xampp\htdocs\mianmo\yii\base\CApplication.php(450): CModule->getComponent('db')
#4 D:\xampp\htdocs\mianmo\yii\db\ar\CActiveRecord.php(634): CApplication->getDb()
#5 D:\xampp\htdocs\mianmo\yii\db\ar\CActiveRecord.php(667): CActiveRecord->getDbConnection()
#6 D:\xampp\htdocs\mianmo\yii\db\ar\CActiveRecord.php(1469): CActiveRecord->getCommandBuilder()
#7 D:\xampp\htdocs\mianmo\project\protected\controllers\HomeController.php(20): CActiveRecord->findAll('status=0 order ...')
#8 D:\xampp\htdocs\mianmo\yii\web\actions\CInlineAction.php(49): HomeController->actionIndex()
#9 D:\xampp\htdocs\mianmo\yii\web\CController.php(308): CInlineAction->runWithParams(Array)
#10 D:\xampp\htdocs\mianmo\yii\web\CController.php(286): CController->runAction(Object(CInlineAction))
#11 D:\xampp\htdocs\mianmo\yii\web\CController.php(265): CController->runActionWithFilters(Object(CInlineAction), Array)
#12 D:\xampp\htdocs\mianmo\yii\web\CWebApplication.php(282): CController->run('index')
#13 D:\xampp\htdocs\mianmo\yii\web\CWebApplication.php(141): CWebApplication->runController('home/index')
#14 D:\xampp\htdocs\mianmo\yii\base\CApplication.php(180): CWebApplication->processRequest()
#15 D:\xampp\htdocs\mianmo\project\index.php(13): CApplication->run()
#16 {main}
REQUEST_URI=/htdocs/mianmo/project/index.php/home/index
---
2014/12/15 08:07:27 [error] [exception.CDbException] exception 'CDbException' with message 'CDbConnection failed to open the DB connection: SQLSTATE[HY000] [1045] Access denied for user 'windplay'@'localhost' (using password: YES)' in D:\xampp\htdocs\mianmo\yii\db\CDbConnection.php:382
Stack trace:
#0 D:\xampp\htdocs\mianmo\yii\db\CDbConnection.php(330): CDbConnection->open()
#1 D:\xampp\htdocs\mianmo\yii\db\CDbConnection.php(308): CDbConnection->setActive(true)
#2 D:\xampp\htdocs\mianmo\yii\base\CModule.php(387): CDbConnection->init()
#3 D:\xampp\htdocs\mianmo\yii\base\CApplication.php(450): CModule->getComponent('db')
#4 D:\xampp\htdocs\mianmo\yii\db\ar\CActiveRecord.php(634): CApplication->getDb()
#5 D:\xampp\htdocs\mianmo\yii\db\ar\CActiveRecord.php(667): CActiveRecord->getDbConnection()
#6 D:\xampp\htdocs\mianmo\yii\db\ar\CActiveRecord.php(1469): CActiveRecord->getCommandBuilder()
#7 D:\xampp\htdocs\mianmo\project\protected\controllers\HomeController.php(20): CActiveRecord->findAll('status=0 order ...')
#8 D:\xampp\htdocs\mianmo\yii\web\actions\CInlineAction.php(49): HomeController->actionIndex()
#9 D:\xampp\htdocs\mianmo\yii\web\CController.php(308): CInlineAction->runWithParams(Array)
#10 D:\xampp\htdocs\mianmo\yii\web\CController.php(286): CController->runAction(Object(CInlineAction))
#11 D:\xampp\htdocs\mianmo\yii\web\CController.php(265): CController->runActionWithFilters(Object(CInlineAction), Array)
#12 D:\xampp\htdocs\mianmo\yii\web\CWebApplication.php(282): CController->run('index')
#13 D:\xampp\htdocs\mianmo\yii\web\CWebApplication.php(141): CWebApplication->runController('home/index')
#14 D:\xampp\htdocs\mianmo\yii\base\CApplication.php(180): CWebApplication->processRequest()
#15 D:\xampp\htdocs\mianmo\project\index.php(13): CApplication->run()
#16 {main}
REQUEST_URI=/htdocs/mianmo/project/index.php/home/index
HTTP_REFERER=http://localhost:8088/htdocs/mianmo/project/index.php/home/showplus
---
2014/12/15 08:10:42 [error] [exception.CDbException] exception 'CDbException' with message 'CDbConnection failed to open the DB connection: SQLSTATE[HY000] [1045] Access denied for user 'windplay'@'localhost' (using password: YES)' in D:\xampp\htdocs\mianmo\yii\db\CDbConnection.php:382
Stack trace:
#0 D:\xampp\htdocs\mianmo\yii\db\CDbConnection.php(330): CDbConnection->open()
#1 D:\xampp\htdocs\mianmo\yii\db\CDbConnection.php(308): CDbConnection->setActive(true)
#2 D:\xampp\htdocs\mianmo\yii\base\CModule.php(387): CDbConnection->init()
#3 D:\xampp\htdocs\mianmo\yii\base\CApplication.php(450): CModule->getComponent('db')
#4 D:\xampp\htdocs\mianmo\yii\db\ar\CActiveRecord.php(634): CApplication->getDb()
#5 D:\xampp\htdocs\mianmo\yii\db\ar\CActiveRecord.php(667): CActiveRecord->getDbConnection()
#6 D:\xampp\htdocs\mianmo\yii\db\ar\CActiveRecord.php(1469): CActiveRecord->getCommandBuilder()
#7 D:\xampp\htdocs\mianmo\project\protected\controllers\HomeController.php(20): CActiveRecord->findAll('status=0 order ...')
#8 D:\xampp\htdocs\mianmo\yii\web\actions\CInlineAction.php(49): HomeController->actionIndex()
#9 D:\xampp\htdocs\mianmo\yii\web\CController.php(308): CInlineAction->runWithParams(Array)
#10 D:\xampp\htdocs\mianmo\yii\web\CController.php(286): CController->runAction(Object(CInlineAction))
#11 D:\xampp\htdocs\mianmo\yii\web\CController.php(265): CController->runActionWithFilters(Object(CInlineAction), Array)
#12 D:\xampp\htdocs\mianmo\yii\web\CWebApplication.php(282): CController->run('index')
#13 D:\xampp\htdocs\mianmo\yii\web\CWebApplication.php(141): CWebApplication->runController('home/index')
#14 D:\xampp\htdocs\mianmo\yii\base\CApplication.php(180): CWebApplication->processRequest()
#15 D:\xampp\htdocs\mianmo\project\index.php(13): CApplication->run()
#16 {main}
REQUEST_URI=/htdocs/mianmo/project/index.php/home/index
HTTP_REFERER=http://localhost:8088/htdocs/mianmo/project/index.php/home/buy
---
